Info: Starting: Create simulation model
Info: qsys-generate /home/labarqcomp/Documents/SoCeLinux/Lab2_FPGA_NIOS/niosLab2.qsys --simulation=VHDL --allow-mixed-language-simulation --output-directory=/home/labarqcomp/Documents/SoCeLinux/Lab2_FPGA_NIOS/niosLab2/simulation --family="Cyclone V" --part=5CSXFC6D6F31C6
Progress: Loading Lab2_FPGA_NIOS/niosLab2.qsys
Progress: Reading input file
Progress: Adding clk_0 [clock_source 18.1]
Progress: Parameterizing module clk_0
Progress: Adding jtag_uart_0 [altera_avalon_jtag_uart 18.1]
Progress: Parameterizing module jtag_uart_0
Progress: Adding nios2_gen2_0 [altera_nios2_gen2 18.1]
Progress: Parameterizing module nios2_gen2_0
Progress: Adding onchip_memory2_0 [altera_avalon_onchip_memory2 18.1]
Progress: Parameterizing module onchip_memory2_0
Progress: Adding onchip_memory2_1 [altera_avalon_onchip_memory2 18.1]
Progress: Parameterizing module onchip_memory2_1
Progress: Adding pio_0 [altera_avalon_pio 18.1]
Progress: Parameterizing module pio_0
Progress: Adding pio_1 [altera_avalon_pio 18.1]
Progress: Parameterizing module pio_1
Progress: Adding pio_2 [altera_avalon_pio 18.1]
Progress: Parameterizing module pio_2
Progress: Building connections
Progress: Parameterizing connections
Progress: Validating
Progress: Done reading input file
Info: niosLab2.jtag_uart_0: JTAG UART IP input clock need to be at least double (2x) the operating frequency of JTAG TCK on board
Info: niosLab2.pio_1: PIO inputs are not hardwired in test bench. Undefined values will be read from PIO inputs during simulation.
Info: niosLab2: Generating niosLab2 "niosLab2" for SIM_VHDL
Info: jtag_uart_0: Starting RTL generation for module 'niosLab2_jtag_uart_0'
Info: jtag_uart_0:   Generation command is [exec /home/labarqcomp/intelFPGA/18.1/quartus/linux64/perl/bin/perl -I /home/labarqcomp/intelFPGA/18.1/quartus/linux64/perl/lib -I /home/labarqcomp/intelFPGA/18.1/quartus/sopc_builder/bin/europa -I /home/labarqcomp/intelFPGA/18.1/quartus/sopc_builder/bin/perl_lib -I /home/labarqcomp/intelFPGA/18.1/quartus/sopc_builder/bin -I /home/labarqcomp/intelFPGA/18.1/quartus/../ip/altera/sopc_builder_ip/common -I /home/labarqcomp/intelFPGA/18.1/quartus/../ip/altera/sopc_builder_ip/altera_avalon_jtag_uart -- /home/labarqcomp/intelFPGA/18.1/quartus/../ip/altera/sopc_builder_ip/altera_avalon_jtag_uart/generate_rtl.pl --name=niosLab2_jtag_uart_0 --dir=/tmp/alt8528_2597354967164110283.dir/0002_jtag_uart_0_gen/ --quartus_dir=/home/labarqcomp/intelFPGA/18.1/quartus --vhdl --config=/tmp/alt8528_2597354967164110283.dir/0002_jtag_uart_0_gen//niosLab2_jtag_uart_0_component_configuration.pl  --do_build_sim=1    --sim_dir=/tmp/alt8528_2597354967164110283.dir/0002_jtag_uart_0_gen/  ]
Info: jtag_uart_0: Done RTL generation for module 'niosLab2_jtag_uart_0'
Info: jtag_uart_0: "niosLab2" instantiated altera_avalon_jtag_uart "jtag_uart_0"
Info: nios2_gen2_0: "niosLab2" instantiated altera_nios2_gen2 "nios2_gen2_0"
Info: onchip_memory2_0: Starting RTL generation for module 'niosLab2_onchip_memory2_0'
Info: onchip_memory2_0:   Generation command is [exec /home/labarqcomp/intelFPGA/18.1/quartus/linux64/perl/bin/perl -I /home/labarqcomp/intelFPGA/18.1/quartus/linux64/perl/lib -I /home/labarqcomp/intelFPGA/18.1/quartus/sopc_builder/bin/europa -I /home/labarqcomp/intelFPGA/18.1/quartus/sopc_builder/bin/perl_lib -I /home/labarqcomp/intelFPGA/18.1/quartus/sopc_builder/bin -I /home/labarqcomp/intelFPGA/18.1/quartus/../ip/altera/sopc_builder_ip/common -I /home/labarqcomp/intelFPGA/18.1/quartus/../ip/altera/sopc_builder_ip/altera_avalon_onchip_memory2 -- /home/labarqcomp/intelFPGA/18.1/quartus/../ip/altera/sopc_builder_ip/altera_avalon_onchip_memory2/generate_rtl.pl --name=niosLab2_onchip_memory2_0 --dir=/tmp/alt8528_2597354967164110283.dir/0003_onchip_memory2_0_gen/ --quartus_dir=/home/labarqcomp/intelFPGA/18.1/quartus --vhdl --config=/tmp/alt8528_2597354967164110283.dir/0003_onchip_memory2_0_gen//niosLab2_onchip_memory2_0_component_configuration.pl  --do_build_sim=1    --sim_dir=/tmp/alt8528_2597354967164110283.dir/0003_onchip_memory2_0_gen/  ]
Info: onchip_memory2_0: Done RTL generation for module 'niosLab2_onchip_memory2_0'
Info: onchip_memory2_0: "niosLab2" instantiated altera_avalon_onchip_memory2 "onchip_memory2_0"
Info: onchip_memory2_1: Starting RTL generation for module 'niosLab2_onchip_memory2_1'
Info: onchip_memory2_1:   Generation command is [exec /home/labarqcomp/intelFPGA/18.1/quartus/linux64/perl/bin/perl -I /home/labarqcomp/intelFPGA/18.1/quartus/linux64/perl/lib -I /home/labarqcomp/intelFPGA/18.1/quartus/sopc_builder/bin/europa -I /home/labarqcomp/intelFPGA/18.1/quartus/sopc_builder/bin/perl_lib -I /home/labarqcomp/intelFPGA/18.1/quartus/sopc_builder/bin -I /home/labarqcomp/intelFPGA/18.1/quartus/../ip/altera/sopc_builder_ip/common -I /home/labarqcomp/intelFPGA/18.1/quartus/../ip/altera/sopc_builder_ip/altera_avalon_onchip_memory2 -- /home/labarqcomp/intelFPGA/18.1/quartus/../ip/altera/sopc_builder_ip/altera_avalon_onchip_memory2/generate_rtl.pl --name=niosLab2_onchip_memory2_1 --dir=/tmp/alt8528_2597354967164110283.dir/0004_onchip_memory2_1_gen/ --quartus_dir=/home/labarqcomp/intelFPGA/18.1/quartus --vhdl --config=/tmp/alt8528_2597354967164110283.dir/0004_onchip_memory2_1_gen//niosLab2_onchip_memory2_1_component_configuration.pl  --do_build_sim=1    --sim_dir=/tmp/alt8528_2597354967164110283.dir/0004_onchip_memory2_1_gen/  ]
Info: onchip_memory2_1: Done RTL generation for module 'niosLab2_onchip_memory2_1'
Info: onchip_memory2_1: "niosLab2" instantiated altera_avalon_onchip_memory2 "onchip_memory2_1"
Info: pio_0: Starting RTL generation for module 'niosLab2_pio_0'
Info: pio_0:   Generation command is [exec /home/labarqcomp/intelFPGA/18.1/quartus/linux64/perl/bin/perl -I /home/labarqcomp/intelFPGA/18.1/quartus/linux64/perl/lib -I /home/labarqcomp/intelFPGA/18.1/quartus/sopc_builder/bin/europa -I /home/labarqcomp/intelFPGA/18.1/quartus/sopc_builder/bin/perl_lib -I /home/labarqcomp/intelFPGA/18.1/quartus/sopc_builder/bin -I /home/labarqcomp/intelFPGA/18.1/quartus/../ip/altera/sopc_builder_ip/common -I /home/labarqcomp/intelFPGA/18.1/quartus/../ip/altera/sopc_builder_ip/altera_avalon_pio -- /home/labarqcomp/intelFPGA/18.1/quartus/../ip/altera/sopc_builder_ip/altera_avalon_pio/generate_rtl.pl --name=niosLab2_pio_0 --dir=/tmp/alt8528_2597354967164110283.dir/0005_pio_0_gen/ --quartus_dir=/home/labarqcomp/intelFPGA/18.1/quartus --vhdl --config=/tmp/alt8528_2597354967164110283.dir/0005_pio_0_gen//niosLab2_pio_0_component_configuration.pl  --do_build_sim=1    --sim_dir=/tmp/alt8528_2597354967164110283.dir/0005_pio_0_gen/  ]
Info: pio_0: Done RTL generation for module 'niosLab2_pio_0'
Info: pio_0: "niosLab2" instantiated altera_avalon_pio "pio_0"
Info: pio_1: Starting RTL generation for module 'niosLab2_pio_1'
Info: pio_1:   Generation command is [exec /home/labarqcomp/intelFPGA/18.1/quartus/linux64/perl/bin/perl -I /home/labarqcomp/intelFPGA/18.1/quartus/linux64/perl/lib -I /home/labarqcomp/intelFPGA/18.1/quartus/sopc_builder/bin/europa -I /home/labarqcomp/intelFPGA/18.1/quartus/sopc_builder/bin/perl_lib -I /home/labarqcomp/intelFPGA/18.1/quartus/sopc_builder/bin -I /home/labarqcomp/intelFPGA/18.1/quartus/../ip/altera/sopc_builder_ip/common -I /home/labarqcomp/intelFPGA/18.1/quartus/../ip/altera/sopc_builder_ip/altera_avalon_pio -- /home/labarqcomp/intelFPGA/18.1/quartus/../ip/altera/sopc_builder_ip/altera_avalon_pio/generate_rtl.pl --name=niosLab2_pio_1 --dir=/tmp/alt8528_2597354967164110283.dir/0006_pio_1_gen/ --quartus_dir=/home/labarqcomp/intelFPGA/18.1/quartus --vhdl --config=/tmp/alt8528_2597354967164110283.dir/0006_pio_1_gen//niosLab2_pio_1_component_configuration.pl  --do_build_sim=1    --sim_dir=/tmp/alt8528_2597354967164110283.dir/0006_pio_1_gen/  ]
Info: pio_1: Done RTL generation for module 'niosLab2_pio_1'
Info: pio_1: "niosLab2" instantiated altera_avalon_pio "pio_1"
Info: pio_2: Starting RTL generation for module 'niosLab2_pio_2'
Info: pio_2:   Generation command is [exec /home/labarqcomp/intelFPGA/18.1/quartus/linux64/perl/bin/perl -I /home/labarqcomp/intelFPGA/18.1/quartus/linux64/perl/lib -I /home/labarqcomp/intelFPGA/18.1/quartus/sopc_builder/bin/europa -I /home/labarqcomp/intelFPGA/18.1/quartus/sopc_builder/bin/perl_lib -I /home/labarqcomp/intelFPGA/18.1/quartus/sopc_builder/bin -I /home/labarqcomp/intelFPGA/18.1/quartus/../ip/altera/sopc_builder_ip/common -I /home/labarqcomp/intelFPGA/18.1/quartus/../ip/altera/sopc_builder_ip/altera_avalon_pio -- /home/labarqcomp/intelFPGA/18.1/quartus/../ip/altera/sopc_builder_ip/altera_avalon_pio/generate_rtl.pl --name=niosLab2_pio_2 --dir=/tmp/alt8528_2597354967164110283.dir/0007_pio_2_gen/ --quartus_dir=/home/labarqcomp/intelFPGA/18.1/quartus --vhdl --config=/tmp/alt8528_2597354967164110283.dir/0007_pio_2_gen//niosLab2_pio_2_component_configuration.pl  --do_build_sim=1    --sim_dir=/tmp/alt8528_2597354967164110283.dir/0007_pio_2_gen/  ]
Info: pio_2: Done RTL generation for module 'niosLab2_pio_2'
Info: pio_2: "niosLab2" instantiated altera_avalon_pio "pio_2"
Info: avalon_st_adapter: Inserting error_adapter: error_adapter_0
Info: avalon_st_adapter_001: Inserting error_adapter: error_adapter_0
Info: avalon_st_adapter_002: Inserting error_adapter: error_adapter_0
Info: avalon_st_adapter_003: Inserting error_adapter: error_adapter_0
Info: avalon_st_adapter_004: Inserting error_adapter: error_adapter_0
Info: avalon_st_adapter_005: Inserting error_adapter: error_adapter_0
Info: avalon_st_adapter_006: Inserting error_adapter: error_adapter_0
Info: mm_interconnect_0: "niosLab2" instantiated altera_mm_interconnect "mm_interconnect_0"
Info: irq_mapper: "niosLab2" instantiated altera_irq_mapper "irq_mapper"
Info: rst_controller: "niosLab2" instantiated altera_reset_controller "rst_controller"
Info: cpu: Starting RTL generation for module 'niosLab2_nios2_gen2_0_cpu'
Info: cpu:   Generation command is [exec /home/labarqcomp/intelFPGA/18.1/quartus/linux64//eperlcmd -I /home/labarqcomp/intelFPGA/18.1/quartus/linux64//perl/lib -I /home/labarqcomp/intelFPGA/18.1/quartus/sopc_builder/bin/europa -I /home/labarqcomp/intelFPGA/18.1/quartus/sopc_builder/bin/perl_lib -I /home/labarqcomp/intelFPGA/18.1/quartus/sopc_builder/bin -I /home/labarqcomp/intelFPGA/18.1/quartus/../ip/altera/nios2_ip/altera_nios2_gen2/cpu_lib -I /home/labarqcomp/intelFPGA/18.1/quartus/../ip/altera/nios2_ip/altera_nios2_gen2/nios_lib -I /home/labarqcomp/intelFPGA/18.1/quartus/../ip/altera/nios2_ip/altera_nios2_gen2 -I /home/labarqcomp/intelFPGA/18.1/quartus/../ip/altera/nios2_ip/altera_nios2_gen2 -- /home/labarqcomp/intelFPGA/18.1/quartus/../ip/altera/nios2_ip/altera_nios2_gen2/generate_rtl.epl --name=niosLab2_nios2_gen2_0_cpu --dir=/tmp/alt8528_2597354967164110283.dir/0010_cpu_gen/ --quartus_bindir=/home/labarqcomp/intelFPGA/18.1/quartus/linux64/ --verilog --config=/tmp/alt8528_2597354967164110283.dir/0010_cpu_gen//niosLab2_nios2_gen2_0_cpu_processor_configuration.pl  --do_build_sim=1    --sim_dir=/tmp/alt8528_2597354967164110283.dir/0010_cpu_gen/  ]
Info: cpu: # 2020.09.23 19:19:19 (*) Starting Nios II generation
Info: cpu: # 2020.09.23 19:19:19 (*)   Checking for plaintext license.
Info: cpu: # 2020.09.23 19:19:52 (*)   Plaintext license not found.
Info: cpu: # 2020.09.23 19:19:52 (*)   Checking for encrypted license (non-evaluation).
Info: cpu: # 2020.09.23 19:20:26 (*)   Encrypted license found.  SOF will not be time-limited.
Info: cpu: # 2020.09.23 19:20:26 (*)   Elaborating CPU configuration settings
Info: cpu: # 2020.09.23 19:20:26 (*)   Creating all objects for CPU
Info: cpu: # 2020.09.23 19:20:26 (*)     Testbench
Info: cpu: # 2020.09.23 19:20:26 (*)     Instruction decoding
Info: cpu: # 2020.09.23 19:20:26 (*)       Instruction fields
Info: cpu: # 2020.09.23 19:20:26 (*)       Instruction decodes
Info: cpu: # 2020.09.23 19:20:27 (*)       Signals for RTL simulation waveforms
Info: cpu: # 2020.09.23 19:20:27 (*)       Instruction controls
Info: cpu: # 2020.09.23 19:20:27 (*)     Pipeline frontend
Info: cpu: # 2020.09.23 19:20:27 (*)     Pipeline backend
Info: cpu: # 2020.09.23 19:20:29 (*)   Creating '/tmp/alt8528_2597354967164110283.dir/0010_cpu_gen//niosLab2_nios2_gen2_0_cpu_nios2_waves.do'
Info: cpu: # 2020.09.23 19:20:29 (*)   Generating RTL from CPU objects
Info: cpu: # 2020.09.23 19:20:30 (*)   Creating encrypted RTL
Info: cpu: # 2020.09.23 19:20:30 (*)   Creating IP functional simulation model
Info: cpu: # 2020.09.23 19:21:35 (*) Done Nios II generation
Info: cpu: Done RTL generation for module 'niosLab2_nios2_gen2_0_cpu'
Info: cpu: "nios2_gen2_0" instantiated altera_nios2_gen2_unit "cpu"
Info: nios2_gen2_0_data_master_translator: "mm_interconnect_0" instantiated altera_merlin_master_translator "nios2_gen2_0_data_master_translator"
Info: jtag_uart_0_avalon_jtag_slave_translator: "mm_interconnect_0" instantiated altera_merlin_slave_translator "jtag_uart_0_avalon_jtag_slave_translator"
Info: nios2_gen2_0_data_master_agent: "mm_interconnect_0" instantiated altera_merlin_master_agent "nios2_gen2_0_data_master_agent"
Info: jtag_uart_0_avalon_jtag_slave_agent: "mm_interconnect_0" instantiated altera_merlin_slave_agent "jtag_uart_0_avalon_jtag_slave_agent"
Info: jtag_uart_0_avalon_jtag_slave_agent_rsp_fifo: "mm_interconnect_0" instantiated altera_avalon_sc_fifo "jtag_uart_0_avalon_jtag_slave_agent_rsp_fifo"
Info: router: "mm_interconnect_0" instantiated altera_merlin_router "router"
Info: router_001: "mm_interconnect_0" instantiated altera_merlin_router "router_001"
Info: router_002: "mm_interconnect_0" instantiated altera_merlin_router "router_002"
Info: router_003: "mm_interconnect_0" instantiated altera_merlin_router "router_003"
Info: nios2_gen2_0_data_master_limiter: "mm_interconnect_0" instantiated altera_merlin_traffic_limiter "nios2_gen2_0_data_master_limiter"
Info: Reusing file /home/labarqcomp/Documents/SoCeLinux/Lab2_FPGA_NIOS/niosLab2/simulation/submodules/altera_avalon_sc_fifo.v
Info: cmd_demux: "mm_interconnect_0" instantiated altera_merlin_demultiplexer "cmd_demux"
Info: cmd_demux_001: "mm_interconnect_0" instantiated altera_merlin_demultiplexer "cmd_demux_001"
Info: cmd_mux: "mm_interconnect_0" instantiated altera_merlin_multiplexer "cmd_mux"
Info: cmd_mux_001: "mm_interconnect_0" instantiated altera_merlin_multiplexer "cmd_mux_001"
Info: Reusing file /home/labarqcomp/Documents/SoCeLinux/Lab2_FPGA_NIOS/niosLab2/simulation/submodules/altera_merlin_arbitrator.sv
Info: rsp_demux: "mm_interconnect_0" instantiated altera_merlin_demultiplexer "rsp_demux"
Info: rsp_demux_001: "mm_interconnect_0" instantiated altera_merlin_demultiplexer "rsp_demux_001"
Info: rsp_mux: "mm_interconnect_0" instantiated altera_merlin_multiplexer "rsp_mux"
Info: Reusing file /home/labarqcomp/Documents/SoCeLinux/Lab2_FPGA_NIOS/niosLab2/simulation/submodules/altera_merlin_arbitrator.sv
Info: rsp_mux_001: "mm_interconnect_0" instantiated altera_merlin_multiplexer "rsp_mux_001"
Info: Reusing file /home/labarqcomp/Documents/SoCeLinux/Lab2_FPGA_NIOS/niosLab2/simulation/submodules/altera_merlin_arbitrator.sv
Info: avalon_st_adapter: "mm_interconnect_0" instantiated altera_avalon_st_adapter "avalon_st_adapter"
Info: error_adapter_0: "avalon_st_adapter" instantiated error_adapter "error_adapter_0"
Info: niosLab2: Done "niosLab2" with 32 modules, 65 files
Info: qsys-generate succeeded.
Info: Finished: Create simulation model
Info: Starting: Create Modelsim Project.
Info: sim-script-gen --spd=/home/labarqcomp/Documents/SoCeLinux/Lab2_FPGA_NIOS/niosLab2/niosLab2.spd --output-directory=/home/labarqcomp/Documents/SoCeLinux/Lab2_FPGA_NIOS/niosLab2/simulation/ --use-relative-paths=true
Info: Doing: ip-make-simscript --spd=/home/labarqcomp/Documents/SoCeLinux/Lab2_FPGA_NIOS/niosLab2/niosLab2.spd --output-directory=/home/labarqcomp/Documents/SoCeLinux/Lab2_FPGA_NIOS/niosLab2/simulation/ --use-relative-paths=true
Info: Generating the following file(s) for MODELSIM simulator in /home/labarqcomp/Documents/SoCeLinux/Lab2_FPGA_NIOS/niosLab2/simulation/ directory:
Info: 	mentor/msim_setup.tcl
Info: Skipping VCS script generation since VHDL file $QUARTUS_INSTALL_DIR/eda/sim_lib/altera_syn_attributes.vhd is required for simulation
Info: Generating the following file(s) for VCSMX simulator in /home/labarqcomp/Documents/SoCeLinux/Lab2_FPGA_NIOS/niosLab2/simulation/ directory:
Info: 	synopsys/vcsmx/synopsys_sim.setup
Info: 	synopsys/vcsmx/vcsmx_setup.sh
Info: Generating the following file(s) for NCSIM simulator in /home/labarqcomp/Documents/SoCeLinux/Lab2_FPGA_NIOS/niosLab2/simulation/ directory:
Info: 	cadence/cds.lib
Info: 	cadence/hdl.var
Info: 	cadence/ncsim_setup.sh
Info: 	31 .cds.lib files in cadence/cds_libs/ directory
Info: Generating the following file(s) for RIVIERA simulator in /home/labarqcomp/Documents/SoCeLinux/Lab2_FPGA_NIOS/niosLab2/simulation/ directory:
Info: 	aldec/rivierapro_setup.tcl
Info: For information on how to simulate your IP, see the explanatory comments in the simulator-specific subdirectories under /home/labarqcomp/Documents/SoCeLinux/Lab2_FPGA_NIOS/niosLab2/simulation/.
Info: Regenerate these scripts whenever you make any change to any Quartus-generated IP in your project.
Info: Finished: Create Modelsim Project.
Info: 
Info: Starting: Create HDL design files for synthesis
Info: qsys-generate /home/labarqcomp/Documents/SoCeLinux/Lab2_FPGA_NIOS/niosLab2.qsys --synthesis=VERILOG --output-directory=/home/labarqcomp/Documents/SoCeLinux/Lab2_FPGA_NIOS/niosLab2/synthesis --family="Cyclone V" --part=5CSXFC6D6F31C6
Progress: Loading Lab2_FPGA_NIOS/niosLab2.qsys
Progress: Reading input file
Progress: Adding clk_0 [clock_source 18.1]
Progress: Parameterizing module clk_0
Progress: Adding jtag_uart_0 [altera_avalon_jtag_uart 18.1]
Progress: Parameterizing module jtag_uart_0
Progress: Adding nios2_gen2_0 [altera_nios2_gen2 18.1]
Progress: Parameterizing module nios2_gen2_0
Progress: Adding onchip_memory2_0 [altera_avalon_onchip_memory2 18.1]
Progress: Parameterizing module onchip_memory2_0
Progress: Adding onchip_memory2_1 [altera_avalon_onchip_memory2 18.1]
Progress: Parameterizing module onchip_memory2_1
Progress: Adding pio_0 [altera_avalon_pio 18.1]
Progress: Parameterizing module pio_0
Progress: Adding pio_1 [altera_avalon_pio 18.1]
Progress: Parameterizing module pio_1
Progress: Adding pio_2 [altera_avalon_pio 18.1]
Progress: Parameterizing module pio_2
Progress: Building connections
Progress: Parameterizing connections
Progress: Validating
Progress: Done reading input file
Info: niosLab2.jtag_uart_0: JTAG UART IP input clock need to be at least double (2x) the operating frequency of JTAG TCK on board
Info: niosLab2.pio_1: PIO inputs are not hardwired in test bench. Undefined values will be read from PIO inputs during simulation.
Info: niosLab2: Generating niosLab2 "niosLab2" for QUARTUS_SYNTH
Info: jtag_uart_0: Starting RTL generation for module 'niosLab2_jtag_uart_0'
Info: jtag_uart_0:   Generation command is [exec /home/labarqcomp/intelFPGA/18.1/quartus/linux64/perl/bin/perl -I /home/labarqcomp/intelFPGA/18.1/quartus/linux64/perl/lib -I /home/labarqcomp/intelFPGA/18.1/quartus/sopc_builder/bin/europa -I /home/labarqcomp/intelFPGA/18.1/quartus/sopc_builder/bin/perl_lib -I /home/labarqcomp/intelFPGA/18.1/quartus/sopc_builder/bin -I /home/labarqcomp/intelFPGA/18.1/quartus/../ip/altera/sopc_builder_ip/common -I /home/labarqcomp/intelFPGA/18.1/quartus/../ip/altera/sopc_builder_ip/altera_avalon_jtag_uart -- /home/labarqcomp/intelFPGA/18.1/quartus/../ip/altera/sopc_builder_ip/altera_avalon_jtag_uart/generate_rtl.pl --name=niosLab2_jtag_uart_0 --dir=/tmp/alt8528_2597354967164110283.dir/0031_jtag_uart_0_gen/ --quartus_dir=/home/labarqcomp/intelFPGA/18.1/quartus --verilog --config=/tmp/alt8528_2597354967164110283.dir/0031_jtag_uart_0_gen//niosLab2_jtag_uart_0_component_configuration.pl  --do_build_sim=0  ]
Info: jtag_uart_0: Done RTL generation for module 'niosLab2_jtag_uart_0'
Info: jtag_uart_0: "niosLab2" instantiated altera_avalon_jtag_uart "jtag_uart_0"
Info: nios2_gen2_0: "niosLab2" instantiated altera_nios2_gen2 "nios2_gen2_0"
Info: onchip_memory2_0: Starting RTL generation for module 'niosLab2_onchip_memory2_0'
Info: onchip_memory2_0:   Generation command is [exec /home/labarqcomp/intelFPGA/18.1/quartus/linux64/perl/bin/perl -I /home/labarqcomp/intelFPGA/18.1/quartus/linux64/perl/lib -I /home/labarqcomp/intelFPGA/18.1/quartus/sopc_builder/bin/europa -I /home/labarqcomp/intelFPGA/18.1/quartus/sopc_builder/bin/perl_lib -I /home/labarqcomp/intelFPGA/18.1/quartus/sopc_builder/bin -I /home/labarqcomp/intelFPGA/18.1/quartus/../ip/altera/sopc_builder_ip/common -I /home/labarqcomp/intelFPGA/18.1/quartus/../ip/altera/sopc_builder_ip/altera_avalon_onchip_memory2 -- /home/labarqcomp/intelFPGA/18.1/quartus/../ip/altera/sopc_builder_ip/altera_avalon_onchip_memory2/generate_rtl.pl --name=niosLab2_onchip_memory2_0 --dir=/tmp/alt8528_2597354967164110283.dir/0032_onchip_memory2_0_gen/ --quartus_dir=/home/labarqcomp/intelFPGA/18.1/quartus --verilog --config=/tmp/alt8528_2597354967164110283.dir/0032_onchip_memory2_0_gen//niosLab2_onchip_memory2_0_component_configuration.pl  --do_build_sim=0  ]
Info: onchip_memory2_0: Done RTL generation for module 'niosLab2_onchip_memory2_0'
Info: onchip_memory2_0: "niosLab2" instantiated altera_avalon_onchip_memory2 "onchip_memory2_0"
Info: onchip_memory2_1: Starting RTL generation for module 'niosLab2_onchip_memory2_1'
Info: onchip_memory2_1:   Generation command is [exec /home/labarqcomp/intelFPGA/18.1/quartus/linux64/perl/bin/perl -I /home/labarqcomp/intelFPGA/18.1/quartus/linux64/perl/lib -I /home/labarqcomp/intelFPGA/18.1/quartus/sopc_builder/bin/europa -I /home/labarqcomp/intelFPGA/18.1/quartus/sopc_builder/bin/perl_lib -I /home/labarqcomp/intelFPGA/18.1/quartus/sopc_builder/bin -I /home/labarqcomp/intelFPGA/18.1/quartus/../ip/altera/sopc_builder_ip/common -I /home/labarqcomp/intelFPGA/18.1/quartus/../ip/altera/sopc_builder_ip/altera_avalon_onchip_memory2 -- /home/labarqcomp/intelFPGA/18.1/quartus/../ip/altera/sopc_builder_ip/altera_avalon_onchip_memory2/generate_rtl.pl --name=niosLab2_onchip_memory2_1 --dir=/tmp/alt8528_2597354967164110283.dir/0033_onchip_memory2_1_gen/ --quartus_dir=/home/labarqcomp/intelFPGA/18.1/quartus --verilog --config=/tmp/alt8528_2597354967164110283.dir/0033_onchip_memory2_1_gen//niosLab2_onchip_memory2_1_component_configuration.pl  --do_build_sim=0  ]
Info: onchip_memory2_1: Done RTL generation for module 'niosLab2_onchip_memory2_1'
Info: onchip_memory2_1: "niosLab2" instantiated altera_avalon_onchip_memory2 "onchip_memory2_1"
Info: pio_0: Starting RTL generation for module 'niosLab2_pio_0'
Info: pio_0:   Generation command is [exec /home/labarqcomp/intelFPGA/18.1/quartus/linux64/perl/bin/perl -I /home/labarqcomp/intelFPGA/18.1/quartus/linux64/perl/lib -I /home/labarqcomp/intelFPGA/18.1/quartus/sopc_builder/bin/europa -I /home/labarqcomp/intelFPGA/18.1/quartus/sopc_builder/bin/perl_lib -I /home/labarqcomp/intelFPGA/18.1/quartus/sopc_builder/bin -I /home/labarqcomp/intelFPGA/18.1/quartus/../ip/altera/sopc_builder_ip/common -I /home/labarqcomp/intelFPGA/18.1/quartus/../ip/altera/sopc_builder_ip/altera_avalon_pio -- /home/labarqcomp/intelFPGA/18.1/quartus/../ip/altera/sopc_builder_ip/altera_avalon_pio/generate_rtl.pl --name=niosLab2_pio_0 --dir=/tmp/alt8528_2597354967164110283.dir/0034_pio_0_gen/ --quartus_dir=/home/labarqcomp/intelFPGA/18.1/quartus --verilog --config=/tmp/alt8528_2597354967164110283.dir/0034_pio_0_gen//niosLab2_pio_0_component_configuration.pl  --do_build_sim=0  ]
Info: pio_0: Done RTL generation for module 'niosLab2_pio_0'
Info: pio_0: "niosLab2" instantiated altera_avalon_pio "pio_0"
Info: pio_1: Starting RTL generation for module 'niosLab2_pio_1'
Info: pio_1:   Generation command is [exec /home/labarqcomp/intelFPGA/18.1/quartus/linux64/perl/bin/perl -I /home/labarqcomp/intelFPGA/18.1/quartus/linux64/perl/lib -I /home/labarqcomp/intelFPGA/18.1/quartus/sopc_builder/bin/europa -I /home/labarqcomp/intelFPGA/18.1/quartus/sopc_builder/bin/perl_lib -I /home/labarqcomp/intelFPGA/18.1/quartus/sopc_builder/bin -I /home/labarqcomp/intelFPGA/18.1/quartus/../ip/altera/sopc_builder_ip/common -I /home/labarqcomp/intelFPGA/18.1/quartus/../ip/altera/sopc_builder_ip/altera_avalon_pio -- /home/labarqcomp/intelFPGA/18.1/quartus/../ip/altera/sopc_builder_ip/altera_avalon_pio/generate_rtl.pl --name=niosLab2_pio_1 --dir=/tmp/alt8528_2597354967164110283.dir/0035_pio_1_gen/ --quartus_dir=/home/labarqcomp/intelFPGA/18.1/quartus --verilog --config=/tmp/alt8528_2597354967164110283.dir/0035_pio_1_gen//niosLab2_pio_1_component_configuration.pl  --do_build_sim=0  ]
Info: pio_1: Done RTL generation for module 'niosLab2_pio_1'
Info: pio_1: "niosLab2" instantiated altera_avalon_pio "pio_1"
Info: pio_2: Starting RTL generation for module 'niosLab2_pio_2'
Info: pio_2:   Generation command is [exec /home/labarqcomp/intelFPGA/18.1/quartus/linux64/perl/bin/perl -I /home/labarqcomp/intelFPGA/18.1/quartus/linux64/perl/lib -I /home/labarqcomp/intelFPGA/18.1/quartus/sopc_builder/bin/europa -I /home/labarqcomp/intelFPGA/18.1/quartus/sopc_builder/bin/perl_lib -I /home/labarqcomp/intelFPGA/18.1/quartus/sopc_builder/bin -I /home/labarqcomp/intelFPGA/18.1/quartus/../ip/altera/sopc_builder_ip/common -I /home/labarqcomp/intelFPGA/18.1/quartus/../ip/altera/sopc_builder_ip/altera_avalon_pio -- /home/labarqcomp/intelFPGA/18.1/quartus/../ip/altera/sopc_builder_ip/altera_avalon_pio/generate_rtl.pl --name=niosLab2_pio_2 --dir=/tmp/alt8528_2597354967164110283.dir/0036_pio_2_gen/ --quartus_dir=/home/labarqcomp/intelFPGA/18.1/quartus --verilog --config=/tmp/alt8528_2597354967164110283.dir/0036_pio_2_gen//niosLab2_pio_2_component_configuration.pl  --do_build_sim=0  ]
Info: pio_2: Done RTL generation for module 'niosLab2_pio_2'
Info: pio_2: "niosLab2" instantiated altera_avalon_pio "pio_2"
Info: avalon_st_adapter: Inserting error_adapter: error_adapter_0
Info: avalon_st_adapter_001: Inserting error_adapter: error_adapter_0
Info: avalon_st_adapter_002: Inserting error_adapter: error_adapter_0
Info: avalon_st_adapter_003: Inserting error_adapter: error_adapter_0
Info: avalon_st_adapter_004: Inserting error_adapter: error_adapter_0
Info: avalon_st_adapter_005: Inserting error_adapter: error_adapter_0
Info: avalon_st_adapter_006: Inserting error_adapter: error_adapter_0
Info: mm_interconnect_0: "niosLab2" instantiated altera_mm_interconnect "mm_interconnect_0"
Info: irq_mapper: "niosLab2" instantiated altera_irq_mapper "irq_mapper"
Info: rst_controller: "niosLab2" instantiated altera_reset_controller "rst_controller"
Info: cpu: Starting RTL generation for module 'niosLab2_nios2_gen2_0_cpu'
Info: cpu:   Generation command is [exec /home/labarqcomp/intelFPGA/18.1/quartus/linux64//eperlcmd -I /home/labarqcomp/intelFPGA/18.1/quartus/linux64//perl/lib -I /home/labarqcomp/intelFPGA/18.1/quartus/sopc_builder/bin/europa -I /home/labarqcomp/intelFPGA/18.1/quartus/sopc_builder/bin/perl_lib -I /home/labarqcomp/intelFPGA/18.1/quartus/sopc_builder/bin -I /home/labarqcomp/intelFPGA/18.1/quartus/../ip/altera/nios2_ip/altera_nios2_gen2/cpu_lib -I /home/labarqcomp/intelFPGA/18.1/quartus/../ip/altera/nios2_ip/altera_nios2_gen2/nios_lib -I /home/labarqcomp/intelFPGA/18.1/quartus/../ip/altera/nios2_ip/altera_nios2_gen2 -I /home/labarqcomp/intelFPGA/18.1/quartus/../ip/altera/nios2_ip/altera_nios2_gen2 -- /home/labarqcomp/intelFPGA/18.1/quartus/../ip/altera/nios2_ip/altera_nios2_gen2/generate_rtl.epl --name=niosLab2_nios2_gen2_0_cpu --dir=/tmp/alt8528_2597354967164110283.dir/0039_cpu_gen/ --quartus_bindir=/home/labarqcomp/intelFPGA/18.1/quartus/linux64/ --verilog --config=/tmp/alt8528_2597354967164110283.dir/0039_cpu_gen//niosLab2_nios2_gen2_0_cpu_processor_configuration.pl  --do_build_sim=0  ]
Info: cpu: # 2020.09.23 19:21:44 (*) Starting Nios II generation
Info: cpu: # 2020.09.23 19:21:44 (*)   Checking for plaintext license.
Info: cpu: # 2020.09.23 19:22:18 (*)   Plaintext license not found.
Info: cpu: # 2020.09.23 19:22:18 (*)   Checking for encrypted license (non-evaluation).
Info: cpu: # 2020.09.23 19:22:51 (*)   Encrypted license found.  SOF will not be time-limited.
Info: cpu: # 2020.09.23 19:22:51 (*)   Elaborating CPU configuration settings
Info: cpu: # 2020.09.23 19:22:51 (*)   Creating all objects for CPU
Info: cpu: # 2020.09.23 19:22:51 (*)     Testbench
Info: cpu: # 2020.09.23 19:22:52 (*)     Instruction decoding
Info: cpu: # 2020.09.23 19:22:52 (*)       Instruction fields
Info: cpu: # 2020.09.23 19:22:52 (*)       Instruction decodes
Info: cpu: # 2020.09.23 19:22:52 (*)       Signals for RTL simulation waveforms
Info: cpu: # 2020.09.23 19:22:52 (*)       Instruction controls
Info: cpu: # 2020.09.23 19:22:52 (*)     Pipeline frontend
Info: cpu: # 2020.09.23 19:22:52 (*)     Pipeline backend
Info: cpu: # 2020.09.23 19:22:55 (*)   Generating RTL from CPU objects
Info: cpu: # 2020.09.23 19:22:56 (*)   Creating encrypted RTL
Info: cpu: # 2020.09.23 19:22:57 (*) Done Nios II generation
Info: cpu: Done RTL generation for module 'niosLab2_nios2_gen2_0_cpu'
Info: cpu: "nios2_gen2_0" instantiated altera_nios2_gen2_unit "cpu"
Info: nios2_gen2_0_data_master_translator: "mm_interconnect_0" instantiated altera_merlin_master_translator "nios2_gen2_0_data_master_translator"
Info: jtag_uart_0_avalon_jtag_slave_translator: "mm_interconnect_0" instantiated altera_merlin_slave_translator "jtag_uart_0_avalon_jtag_slave_translator"
Info: nios2_gen2_0_data_master_agent: "mm_interconnect_0" instantiated altera_merlin_master_agent "nios2_gen2_0_data_master_agent"
Info: jtag_uart_0_avalon_jtag_slave_agent: "mm_interconnect_0" instantiated altera_merlin_slave_agent "jtag_uart_0_avalon_jtag_slave_agent"
Info: jtag_uart_0_avalon_jtag_slave_agent_rsp_fifo: "mm_interconnect_0" instantiated altera_avalon_sc_fifo "jtag_uart_0_avalon_jtag_slave_agent_rsp_fifo"
Info: router: "mm_interconnect_0" instantiated altera_merlin_router "router"
Info: router_001: "mm_interconnect_0" instantiated altera_merlin_router "router_001"
Info: router_002: "mm_interconnect_0" instantiated altera_merlin_router "router_002"
Info: router_003: "mm_interconnect_0" instantiated altera_merlin_router "router_003"
Info: nios2_gen2_0_data_master_limiter: "mm_interconnect_0" instantiated altera_merlin_traffic_limiter "nios2_gen2_0_data_master_limiter"
Info: Reusing file /home/labarqcomp/Documents/SoCeLinux/Lab2_FPGA_NIOS/niosLab2/synthesis/submodules/altera_avalon_sc_fifo.v
Info: cmd_demux: "mm_interconnect_0" instantiated altera_merlin_demultiplexer "cmd_demux"
Info: cmd_demux_001: "mm_interconnect_0" instantiated altera_merlin_demultiplexer "cmd_demux_001"
Info: cmd_mux: "mm_interconnect_0" instantiated altera_merlin_multiplexer "cmd_mux"
Info: cmd_mux_001: "mm_interconnect_0" instantiated altera_merlin_multiplexer "cmd_mux_001"
Info: Reusing file /home/labarqcomp/Documents/SoCeLinux/Lab2_FPGA_NIOS/niosLab2/synthesis/submodules/altera_merlin_arbitrator.sv
Info: rsp_demux: "mm_interconnect_0" instantiated altera_merlin_demultiplexer "rsp_demux"
Info: rsp_demux_001: "mm_interconnect_0" instantiated altera_merlin_demultiplexer "rsp_demux_001"
Info: rsp_mux: "mm_interconnect_0" instantiated altera_merlin_multiplexer "rsp_mux"
Info: Reusing file /home/labarqcomp/Documents/SoCeLinux/Lab2_FPGA_NIOS/niosLab2/synthesis/submodules/altera_merlin_arbitrator.sv
Info: rsp_mux_001: "mm_interconnect_0" instantiated altera_merlin_multiplexer "rsp_mux_001"
Info: Reusing file /home/labarqcomp/Documents/SoCeLinux/Lab2_FPGA_NIOS/niosLab2/synthesis/submodules/altera_merlin_arbitrator.sv
Info: avalon_st_adapter: "mm_interconnect_0" instantiated altera_avalon_st_adapter "avalon_st_adapter"
Info: error_adapter_0: "avalon_st_adapter" instantiated error_adapter "error_adapter_0"
Info: niosLab2: Done "niosLab2" with 32 modules, 53 files
Info: qsys-generate succeeded.
Info: Finished: Create HDL design files for synthesis
